<?xml version="1.0" encoding="UTF-8"?>
<testsuite xmlns:xsi="http://www.w3.org/2001/XMLSchema-instance" xsi:noNamespaceSchemaLocation="https://maven.apache.org/surefire/maven-surefire-plugin/xsd/surefire-test-report-3.0.xsd" version="3.0" name="TestSuite" time="10.284" tests="4" errors="0" skipped="0" failures="0">
  <properties>
    <property name="java.specification.version" value="17"/>
    <property name="sun.jnu.encoding" value="UTF-8"/>
    <property name="java.class.path" value="/home/kamesh/SeleniumPracitce/APITesting/RestAssure/PetStoreAutomation/target/test-classes:/home/kamesh/SeleniumPracitce/APITesting/RestAssure/PetStoreAutomation/target/classes:/home/kamesh/.m2/repository/io/rest-assured/rest-assured/5.3.1/rest-assured-5.3.1.jar:/home/kamesh/.m2/repository/org/apache/groovy/groovy/4.0.11/groovy-4.0.11.jar:/home/kamesh/.m2/repository/org/apache/groovy/groovy-xml/4.0.11/groovy-xml-4.0.11.jar:/home/kamesh/.m2/repository/org/apache/httpcomponents/httpclient/4.5.13/httpclient-4.5.13.jar:/home/kamesh/.m2/repository/org/apache/httpcomponents/httpcore/4.4.13/httpcore-4.4.13.jar:/home/kamesh/.m2/repository/commons-logging/commons-logging/1.2/commons-logging-1.2.jar:/home/kamesh/.m2/repository/org/apache/httpcomponents/httpmime/4.5.13/httpmime-4.5.13.jar:/home/kamesh/.m2/repository/org/hamcrest/hamcrest/2.2/hamcrest-2.2.jar:/home/kamesh/.m2/repository/org/ccil/cowan/tagsoup/tagsoup/1.2.1/tagsoup-1.2.1.jar:/home/kamesh/.m2/repository/io/rest-assured/xml-path/5.3.1/xml-path-5.3.1.jar:/home/kamesh/.m2/repository/io/rest-assured/json-path/5.3.0/json-path-5.3.0.jar:/home/kamesh/.m2/repository/org/apache/groovy/groovy-json/4.0.6/groovy-json-4.0.6.jar:/home/kamesh/.m2/repository/io/rest-assured/rest-assured-common/5.3.0/rest-assured-common-5.3.0.jar:/home/kamesh/.m2/repository/org/json/json/20230227/json-20230227.jar:/home/kamesh/.m2/repository/com/google/code/gson/gson/2.10.1/gson-2.10.1.jar:/home/kamesh/.m2/repository/org/testng/testng/7.8.0/testng-7.8.0.jar:/home/kamesh/.m2/repository/org/slf4j/slf4j-api/1.7.36/slf4j-api-1.7.36.jar:/home/kamesh/.m2/repository/com/beust/jcommander/1.82/jcommander-1.82.jar:/home/kamesh/.m2/repository/org/webjars/jquery/3.6.1/jquery-3.6.1.jar:/home/kamesh/.m2/repository/io/rest-assured/json-schema-validator/5.3.1/json-schema-validator-5.3.1.jar:/home/kamesh/.m2/repository/com/github/java-json-tools/json-schema-validator/2.2.14/json-schema-validator-2.2.14.jar:/home/kamesh/.m2/repository/com/github/java-json-tools/jackson-coreutils-equivalence/1.0/jackson-coreutils-equivalence-1.0.jar:/home/kamesh/.m2/repository/com/github/java-json-tools/jackson-coreutils/2.0/jackson-coreutils-2.0.jar:/home/kamesh/.m2/repository/com/github/java-json-tools/msg-simple/1.2/msg-simple-1.2.jar:/home/kamesh/.m2/repository/com/github/java-json-tools/btf/1.3/btf-1.3.jar:/home/kamesh/.m2/repository/com/github/java-json-tools/json-schema-core/1.2.14/json-schema-core-1.2.14.jar:/home/kamesh/.m2/repository/com/github/java-json-tools/uri-template/0.10/uri-template-0.10.jar:/home/kamesh/.m2/repository/org/mozilla/rhino/1.7.7.2/rhino-1.7.7.2.jar:/home/kamesh/.m2/repository/com/sun/mail/mailapi/1.6.2/mailapi-1.6.2.jar:/home/kamesh/.m2/repository/joda-time/joda-time/2.10.5/joda-time-2.10.5.jar:/home/kamesh/.m2/repository/com/googlecode/libphonenumber/libphonenumber/8.11.1/libphonenumber-8.11.1.jar:/home/kamesh/.m2/repository/com/google/code/findbugs/jsr305/3.0.2/jsr305-3.0.2.jar:/home/kamesh/.m2/repository/net/sf/jopt-simple/jopt-simple/5.0.4/jopt-simple-5.0.4.jar:/home/kamesh/.m2/repository/com/google/guava/guava/32.0.1-jre/guava-32.0.1-jre.jar:/home/kamesh/.m2/repository/com/google/guava/failureaccess/1.0.1/failureaccess-1.0.1.jar:/home/kamesh/.m2/repository/com/google/guava/listenablefuture/9999.0-empty-to-avoid-conflict-with-guava/listenablefuture-9999.0-empty-to-avoid-conflict-with-guava.jar:/home/kamesh/.m2/repository/org/checkerframework/checker-qual/3.33.0/checker-qual-3.33.0.jar:/home/kamesh/.m2/repository/com/google/errorprone/error_prone_annotations/2.18.0/error_prone_annotations-2.18.0.jar:/home/kamesh/.m2/repository/com/google/j2objc/j2objc-annotations/2.8/j2objc-annotations-2.8.jar:/home/kamesh/.m2/repository/com/github/scribejava/scribejava-apis/8.3.1/scribejava-apis-8.3.1.jar:/home/kamesh/.m2/repository/com/github/scribejava/scribejava-core/8.3.1/scribejava-core-8.3.1.jar:/home/kamesh/.m2/repository/com/github/scribejava/scribejava-java8/8.3.1/scribejava-java8-8.3.1.jar:/home/kamesh/.m2/repository/com/fasterxml/jackson/core/jackson-databind/2.12.3/jackson-databind-2.12.3.jar:/home/kamesh/.m2/repository/com/fasterxml/jackson/core/jackson-annotations/2.12.3/jackson-annotations-2.12.3.jar:/home/kamesh/.m2/repository/com/fasterxml/jackson/core/jackson-core/2.12.3/jackson-core-2.12.3.jar:/home/kamesh/.m2/repository/com/github/javafaker/javafaker/1.0.2/javafaker-1.0.2.jar:/home/kamesh/.m2/repository/org/apache/commons/commons-lang3/3.5/commons-lang3-3.5.jar:/home/kamesh/.m2/repository/org/yaml/snakeyaml/1.23/snakeyaml-1.23-android.jar:/home/kamesh/.m2/repository/com/github/mifmif/generex/1.0.2/generex-1.0.2.jar:/home/kamesh/.m2/repository/dk/brics/automaton/automaton/1.11-8/automaton-1.11-8.jar:/home/kamesh/.m2/repository/com/aventstack/extentreports/5.0.9/extentreports-5.0.9.jar:/home/kamesh/.m2/repository/io/reactivex/rxjava3/rxjava/3.0.4/rxjava-3.0.4.jar:/home/kamesh/.m2/repository/org/reactivestreams/reactive-streams/1.0.3/reactive-streams-1.0.3.jar:/home/kamesh/.m2/repository/org/freemarker/freemarker/2.3.30/freemarker-2.3.30.jar:/home/kamesh/.m2/repository/org/projectlombok/lombok/1.18.12/lombok-1.18.12.jar:/home/kamesh/.m2/repository/org/apache/poi/poi/5.2.3/poi-5.2.3.jar:/home/kamesh/.m2/repository/commons-codec/commons-codec/1.15/commons-codec-1.15.jar:/home/kamesh/.m2/repository/org/apache/commons/commons-collections4/4.4/commons-collections4-4.4.jar:/home/kamesh/.m2/repository/org/apache/commons/commons-math3/3.6.1/commons-math3-3.6.1.jar:/home/kamesh/.m2/repository/commons-io/commons-io/2.11.0/commons-io-2.11.0.jar:/home/kamesh/.m2/repository/com/zaxxer/SparseBitSet/1.2/SparseBitSet-1.2.jar:/home/kamesh/.m2/repository/org/apache/poi/poi-ooxml/5.2.3/poi-ooxml-5.2.3.jar:/home/kamesh/.m2/repository/org/apache/poi/poi-ooxml-lite/5.2.3/poi-ooxml-lite-5.2.3.jar:/home/kamesh/.m2/repository/org/apache/xmlbeans/xmlbeans/5.1.1/xmlbeans-5.1.1.jar:/home/kamesh/.m2/repository/org/apache/commons/commons-compress/1.21/commons-compress-1.21.jar:/home/kamesh/.m2/repository/com/github/virtuald/curvesapi/1.07/curvesapi-1.07.jar:/home/kamesh/.m2/repository/org/apache/logging/log4j/log4j-api/2.21.0/log4j-api-2.21.0.jar:/home/kamesh/.m2/repository/org/apache/logging/log4j/log4j-core/2.21.0/log4j-core-2.21.0.jar:"/>
    <property name="java.vm.vendor" value="Private Build"/>
    <property name="sun.arch.data.model" value="64"/>
    <property name="java.vendor.url" value="Unknown"/>
    <property name="user.timezone" value="Asia/Kolkata"/>
    <property name="os.name" value="Linux"/>
    <property name="java.vm.specification.version" value="17"/>
    <property name="sun.java.launcher" value="SUN_STANDARD"/>
    <property name="user.country" value="IN"/>
    <property name="sun.boot.library.path" value="/usr/lib/jvm/java-17-openjdk-amd64/lib"/>
    <property name="sun.java.command" value="/home/kamesh/SeleniumPracitce/APITesting/RestAssure/PetStoreAutomation/target/surefire/surefirebooter-20231018194819800_3.jar /home/kamesh/SeleniumPracitce/APITesting/RestAssure/PetStoreAutomation/target/surefire 2023-10-18T19-48-19_729-jvmRun1 surefire-20231018194819800_1tmp surefire_0-20231018194819800_2tmp"/>
    <property name="jdk.debug" value="release"/>
    <property name="surefire.test.class.path" value="/home/kamesh/SeleniumPracitce/APITesting/RestAssure/PetStoreAutomation/target/test-classes:/home/kamesh/SeleniumPracitce/APITesting/RestAssure/PetStoreAutomation/target/classes:/home/kamesh/.m2/repository/io/rest-assured/rest-assured/5.3.1/rest-assured-5.3.1.jar:/home/kamesh/.m2/repository/org/apache/groovy/groovy/4.0.11/groovy-4.0.11.jar:/home/kamesh/.m2/repository/org/apache/groovy/groovy-xml/4.0.11/groovy-xml-4.0.11.jar:/home/kamesh/.m2/repository/org/apache/httpcomponents/httpclient/4.5.13/httpclient-4.5.13.jar:/home/kamesh/.m2/repository/org/apache/httpcomponents/httpcore/4.4.13/httpcore-4.4.13.jar:/home/kamesh/.m2/repository/commons-logging/commons-logging/1.2/commons-logging-1.2.jar:/home/kamesh/.m2/repository/org/apache/httpcomponents/httpmime/4.5.13/httpmime-4.5.13.jar:/home/kamesh/.m2/repository/org/hamcrest/hamcrest/2.2/hamcrest-2.2.jar:/home/kamesh/.m2/repository/org/ccil/cowan/tagsoup/tagsoup/1.2.1/tagsoup-1.2.1.jar:/home/kamesh/.m2/repository/io/rest-assured/xml-path/5.3.1/xml-path-5.3.1.jar:/home/kamesh/.m2/repository/io/rest-assured/json-path/5.3.0/json-path-5.3.0.jar:/home/kamesh/.m2/repository/org/apache/groovy/groovy-json/4.0.6/groovy-json-4.0.6.jar:/home/kamesh/.m2/repository/io/rest-assured/rest-assured-common/5.3.0/rest-assured-common-5.3.0.jar:/home/kamesh/.m2/repository/org/json/json/20230227/json-20230227.jar:/home/kamesh/.m2/repository/com/google/code/gson/gson/2.10.1/gson-2.10.1.jar:/home/kamesh/.m2/repository/org/testng/testng/7.8.0/testng-7.8.0.jar:/home/kamesh/.m2/repository/org/slf4j/slf4j-api/1.7.36/slf4j-api-1.7.36.jar:/home/kamesh/.m2/repository/com/beust/jcommander/1.82/jcommander-1.82.jar:/home/kamesh/.m2/repository/org/webjars/jquery/3.6.1/jquery-3.6.1.jar:/home/kamesh/.m2/repository/io/rest-assured/json-schema-validator/5.3.1/json-schema-validator-5.3.1.jar:/home/kamesh/.m2/repository/com/github/java-json-tools/json-schema-validator/2.2.14/json-schema-validator-2.2.14.jar:/home/kamesh/.m2/repository/com/github/java-json-tools/jackson-coreutils-equivalence/1.0/jackson-coreutils-equivalence-1.0.jar:/home/kamesh/.m2/repository/com/github/java-json-tools/jackson-coreutils/2.0/jackson-coreutils-2.0.jar:/home/kamesh/.m2/repository/com/github/java-json-tools/msg-simple/1.2/msg-simple-1.2.jar:/home/kamesh/.m2/repository/com/github/java-json-tools/btf/1.3/btf-1.3.jar:/home/kamesh/.m2/repository/com/github/java-json-tools/json-schema-core/1.2.14/json-schema-core-1.2.14.jar:/home/kamesh/.m2/repository/com/github/java-json-tools/uri-template/0.10/uri-template-0.10.jar:/home/kamesh/.m2/repository/org/mozilla/rhino/1.7.7.2/rhino-1.7.7.2.jar:/home/kamesh/.m2/repository/com/sun/mail/mailapi/1.6.2/mailapi-1.6.2.jar:/home/kamesh/.m2/repository/joda-time/joda-time/2.10.5/joda-time-2.10.5.jar:/home/kamesh/.m2/repository/com/googlecode/libphonenumber/libphonenumber/8.11.1/libphonenumber-8.11.1.jar:/home/kamesh/.m2/repository/com/google/code/findbugs/jsr305/3.0.2/jsr305-3.0.2.jar:/home/kamesh/.m2/repository/net/sf/jopt-simple/jopt-simple/5.0.4/jopt-simple-5.0.4.jar:/home/kamesh/.m2/repository/com/google/guava/guava/32.0.1-jre/guava-32.0.1-jre.jar:/home/kamesh/.m2/repository/com/google/guava/failureaccess/1.0.1/failureaccess-1.0.1.jar:/home/kamesh/.m2/repository/com/google/guava/listenablefuture/9999.0-empty-to-avoid-conflict-with-guava/listenablefuture-9999.0-empty-to-avoid-conflict-with-guava.jar:/home/kamesh/.m2/repository/org/checkerframework/checker-qual/3.33.0/checker-qual-3.33.0.jar:/home/kamesh/.m2/repository/com/google/errorprone/error_prone_annotations/2.18.0/error_prone_annotations-2.18.0.jar:/home/kamesh/.m2/repository/com/google/j2objc/j2objc-annotations/2.8/j2objc-annotations-2.8.jar:/home/kamesh/.m2/repository/com/github/scribejava/scribejava-apis/8.3.1/scribejava-apis-8.3.1.jar:/home/kamesh/.m2/repository/com/github/scribejava/scribejava-core/8.3.1/scribejava-core-8.3.1.jar:/home/kamesh/.m2/repository/com/github/scribejava/scribejava-java8/8.3.1/scribejava-java8-8.3.1.jar:/home/kamesh/.m2/repository/com/fasterxml/jackson/core/jackson-databind/2.12.3/jackson-databind-2.12.3.jar:/home/kamesh/.m2/repository/com/fasterxml/jackson/core/jackson-annotations/2.12.3/jackson-annotations-2.12.3.jar:/home/kamesh/.m2/repository/com/fasterxml/jackson/core/jackson-core/2.12.3/jackson-core-2.12.3.jar:/home/kamesh/.m2/repository/com/github/javafaker/javafaker/1.0.2/javafaker-1.0.2.jar:/home/kamesh/.m2/repository/org/apache/commons/commons-lang3/3.5/commons-lang3-3.5.jar:/home/kamesh/.m2/repository/org/yaml/snakeyaml/1.23/snakeyaml-1.23-android.jar:/home/kamesh/.m2/repository/com/github/mifmif/generex/1.0.2/generex-1.0.2.jar:/home/kamesh/.m2/repository/dk/brics/automaton/automaton/1.11-8/automaton-1.11-8.jar:/home/kamesh/.m2/repository/com/aventstack/extentreports/5.0.9/extentreports-5.0.9.jar:/home/kamesh/.m2/repository/io/reactivex/rxjava3/rxjava/3.0.4/rxjava-3.0.4.jar:/home/kamesh/.m2/repository/org/reactivestreams/reactive-streams/1.0.3/reactive-streams-1.0.3.jar:/home/kamesh/.m2/repository/org/freemarker/freemarker/2.3.30/freemarker-2.3.30.jar:/home/kamesh/.m2/repository/org/projectlombok/lombok/1.18.12/lombok-1.18.12.jar:/home/kamesh/.m2/repository/org/apache/poi/poi/5.2.3/poi-5.2.3.jar:/home/kamesh/.m2/repository/commons-codec/commons-codec/1.15/commons-codec-1.15.jar:/home/kamesh/.m2/repository/org/apache/commons/commons-collections4/4.4/commons-collections4-4.4.jar:/home/kamesh/.m2/repository/org/apache/commons/commons-math3/3.6.1/commons-math3-3.6.1.jar:/home/kamesh/.m2/repository/commons-io/commons-io/2.11.0/commons-io-2.11.0.jar:/home/kamesh/.m2/repository/com/zaxxer/SparseBitSet/1.2/SparseBitSet-1.2.jar:/home/kamesh/.m2/repository/org/apache/poi/poi-ooxml/5.2.3/poi-ooxml-5.2.3.jar:/home/kamesh/.m2/repository/org/apache/poi/poi-ooxml-lite/5.2.3/poi-ooxml-lite-5.2.3.jar:/home/kamesh/.m2/repository/org/apache/xmlbeans/xmlbeans/5.1.1/xmlbeans-5.1.1.jar:/home/kamesh/.m2/repository/org/apache/commons/commons-compress/1.21/commons-compress-1.21.jar:/home/kamesh/.m2/repository/com/github/virtuald/curvesapi/1.07/curvesapi-1.07.jar:/home/kamesh/.m2/repository/org/apache/logging/log4j/log4j-api/2.21.0/log4j-api-2.21.0.jar:/home/kamesh/.m2/repository/org/apache/logging/log4j/log4j-core/2.21.0/log4j-core-2.21.0.jar:"/>
    <property name="sun.cpu.endian" value="little"/>
    <property name="user.home" value="/home/kamesh"/>
    <property name="user.language" value="en"/>
    <property name="java.specification.vendor" value="Oracle Corporation"/>
    <property name="java.version.date" value="2023-08-24"/>
    <property name="java.home" value="/usr/lib/jvm/java-17-openjdk-amd64"/>
    <property name="file.separator" value="/"/>
    <property name="basedir" value="/home/kamesh/SeleniumPracitce/APITesting/RestAssure/PetStoreAutomation"/>
    <property name="java.vm.compressedOopsMode" value="Zero based"/>
    <property name="line.separator" value="&#10;"/>
    <property name="java.vm.specification.vendor" value="Oracle Corporation"/>
    <property name="java.specification.name" value="Java Platform API Specification"/>
    <property name="surefire.real.class.path" value="/home/kamesh/SeleniumPracitce/APITesting/RestAssure/PetStoreAutomation/target/surefire/surefirebooter-20231018194819800_3.jar"/>
    <property name="sun.management.compiler" value="HotSpot 64-Bit Tiered Compilers"/>
    <property name="java.runtime.version" value="17.0.8.1+1-Ubuntu-0ubuntu122.04"/>
    <property name="user.name" value="kamesh"/>
    <property name="path.separator" value=":"/>
    <property name="os.version" value="5.11.0-051100-generic"/>
    <property name="java.runtime.name" value="OpenJDK Runtime Environment"/>
    <property name="file.encoding" value="UTF-8"/>
    <property name="java.vm.name" value="OpenJDK 64-Bit Server VM"/>
    <property name="localRepository" value="/home/kamesh/.m2/repository"/>
    <property name="java.vendor.url.bug" value="Unknown"/>
    <property name="java.io.tmpdir" value="/tmp"/>
    <property name="java.version" value="17.0.8.1"/>
    <property name="user.dir" value="/home/kamesh/SeleniumPracitce/APITesting/RestAssure/PetStoreAutomation"/>
    <property name="os.arch" value="amd64"/>
    <property name="java.vm.specification.name" value="Java Virtual Machine Specification"/>
    <property name="native.encoding" value="UTF-8"/>
    <property name="java.library.path" value="/usr/java/packages/lib:/usr/lib/x86_64-linux-gnu/jni:/lib/x86_64-linux-gnu:/usr/lib/x86_64-linux-gnu:/usr/lib/jni:/lib:/usr/lib"/>
    <property name="java.vm.info" value="mixed mode, sharing"/>
    <property name="java.vendor" value="Private Build"/>
    <property name="java.vm.version" value="17.0.8.1+1-Ubuntu-0ubuntu122.04"/>
    <property name="sun.io.unicode.encoding" value="UnicodeLittle"/>
    <property name="java.class.version" value="61.0"/>
  </properties>
  <testcase name="testPostUser" classname="api.test.UserTest2" time="2.709">
    <system-out><![CDATA[19:48:20.891 [main] INFO  api.test.UserTest2 - ******Create User********
HTTP/1.1 200 OK
Date: Wed, 18 Oct 2023 14:18:23 GMT
Content-Type: application/json
Transfer-Encoding: chunked
Connection: keep-alive
Access-Control-Allow-Origin: *
Access-Control-Allow-Methods: GET, POST, DELETE, PUT
Access-Control-Allow-Headers: Content-Type, api_key, Authorization
Server: Jetty(9.2.9.v20150224)

{
    "code": 200,
    "type": "unknown",
    "message": "684566052"
}
19:48:23.591 [main] INFO  api.test.UserTest2 - ******Create User Pass Successfully********
]]></system-out>
    <system-err><![CDATA[SLF4J: Failed to load class "org.slf4j.impl.StaticLoggerBinder".
SLF4J: Defaulting to no-operation (NOP) logger implementation
SLF4J: See http://www.slf4j.org/codes.html#StaticLoggerBinder for further details.
]]></system-err>
  </testcase>
  <testcase name="testgetUsers" classname="api.test.UserTest2" time="1.599">
    <system-out><![CDATA[19:48:23.598 [main] INFO  api.test.UserTest2 - ******Get User********
HTTP/1.1 200 OK
Date: Wed, 18 Oct 2023 14:18:24 GMT
Content-Type: application/json
Transfer-Encoding: chunked
Connection: keep-alive
Access-Control-Allow-Origin: *
Access-Control-Allow-Methods: GET, POST, DELETE, PUT
Access-Control-Allow-Headers: Content-Type, api_key, Authorization
Server: Jetty(9.2.9.v20150224)

{
    "id": 684566052,
    "username": "johana.yost",
    "firstName": "Marcelle",
    "lastName": "Herzog",
    "email": "avelina.kohler@example.com",
    "password": "rxey4jpl7",
    "phone": "1-535-667-0257",
    "userStatus": 0
}
19:48:25.197 [main] INFO  api.test.UserTest2 - ******Get User Pass Successfully********
]]></system-out>
  </testcase>
  <testcase name="testUpdateUser" classname="api.test.UserTest2" time="3.41">
    <system-out><![CDATA[19:48:25.199 [main] INFO  api.test.UserTest2 - ******Update User********
HTTP/1.1 200 OK
Date: Wed, 18 Oct 2023 14:18:26 GMT
Content-Type: application/json
Transfer-Encoding: chunked
Connection: keep-alive
Access-Control-Allow-Origin: *
Access-Control-Allow-Methods: GET, POST, DELETE, PUT
Access-Control-Allow-Headers: Content-Type, api_key, Authorization
Server: Jetty(9.2.9.v20150224)

{
    "code": 200,
    "type": "unknown",
    "message": "684566052"
}
HTTP/1.1 200 OK
Date: Wed, 18 Oct 2023 14:18:28 GMT
Content-Type: application/json
Transfer-Encoding: chunked
Connection: keep-alive
Access-Control-Allow-Origin: *
Access-Control-Allow-Methods: GET, POST, DELETE, PUT
Access-Control-Allow-Headers: Content-Type, api_key, Authorization
Server: Jetty(9.2.9.v20150224)

{
    "id": 684566052,
    "username": "johana.yost",
    "firstName": "Christian",
    "lastName": "Lehner",
    "email": "lindsay.dare@example.com",
    "password": "rxey4jpl7",
    "phone": "1-535-667-0257",
    "userStatus": 0
}
19:48:28.606 [main] INFO  api.test.UserTest2 - ******update User Pass Successfully********
]]></system-out>
  </testcase>
  <testcase name="testDeleteUser" classname="api.test.UserTest2" time="1.475">
    <system-out><![CDATA[19:48:28.610 [main] INFO  api.test.UserTest2 - ******Delete User********
19:48:30.083 [main] INFO  api.test.UserTest2 - ******Delet User Pass Successfully********
]]></system-out>
  </testcase>
</testsuite>