<?xml version="1.0" encoding="UTF-8"?>
<!-- Generated by org.testng.reporters.JUnitReportReporter -->
<testsuite hostname="BLR1-LHP-N73414" failures="0" tests="4" name="api.test.UserTest" time="10.919" errors="0" timestamp="2023-10-18T19:03:43 IST" skipped="0">
  <testcase classname="api.test.UserTest" name="testPostUser" time="3.001"/>
  <system-out/>
  <testcase classname="api.test.UserTest" name="testgetUsers" time="1.653"/>
  <system-out/>
  <testcase classname="api.test.UserTest" name="testUpdateUser" time="4.734"/>
  <system-out/>
  <testcase classname="api.test.UserTest" name="testDeleteUser" time="1.531"/>
  <system-out/>
</testsuite> <!-- api.test.UserTest -->
