<?xml version="1.0" encoding="UTF-8"?>
<!-- Generated by org.testng.reporters.JUnitReportReporter -->
<testsuite hostname="BLR1-LHP-N73414" failures="0" tests="12" name="api.test.DataDrivenTest" time="27.115" errors="0" timestamp="2023-10-18T16:31:05 IST" skipped="0">
  <testcase classname="api.test.DataDrivenTest" name="testPostUser" time="1.920"/>
  <system-out/>
  <testcase classname="api.test.DataDrivenTest" name="testPostUser" time="1.834"/>
  <system-out/>
  <testcase classname="api.test.DataDrivenTest" name="testPostUser" time="2.358"/>
  <system-out/>
  <testcase classname="api.test.DataDrivenTest" name="testPostUser" time="3.820"/>
  <system-out/>
  <testcase classname="api.test.DataDrivenTest" name="testgetData" time="3.132"/>
  <system-out/>
  <testcase classname="api.test.DataDrivenTest" name="testgetData" time="2.227"/>
  <system-out/>
  <testcase classname="api.test.DataDrivenTest" name="testgetData" time="1.536"/>
  <system-out/>
  <testcase classname="api.test.DataDrivenTest" name="testgetData" time="1.943"/>
  <system-out/>
  <testcase classname="api.test.DataDrivenTest" name="testDeleteUserName" time="2.145"/>
  <system-out/>
  <testcase classname="api.test.DataDrivenTest" name="testDeleteUserName" time="1.999"/>
  <system-out/>
  <testcase classname="api.test.DataDrivenTest" name="testDeleteUserName" time="2.363"/>
  <system-out/>
  <testcase classname="api.test.DataDrivenTest" name="testDeleteUserName" time="1.838"/>
  <system-out/>
</testsuite> <!-- api.test.DataDrivenTest -->
