<?xml version="1.0" encoding="UTF-8"?>
<!-- Generated by org.testng.reporters.JUnitReportReporter -->
<testsuite hostname="BLR1-LHP-N73414" failures="0" tests="4" name="api.test.UserTest2" time="9.187" errors="0" timestamp="2023-10-18T19:48:30 IST" skipped="0">
  <testcase classname="api.test.UserTest2" name="testPostUser" time="2.706"/>
  <testcase classname="api.test.UserTest2" name="testgetUsers" time="1.599"/>
  <testcase classname="api.test.UserTest2" name="testUpdateUser" time="3.408"/>
  <testcase classname="api.test.UserTest2" name="testDeleteUser" time="1.474"/>
</testsuite> <!-- api.test.UserTest2 -->
